<?xml version="1.0" encoding="UTF-8"?>
<!-- Generated by org.testng.reporters.JUnitXMLReporter -->
<testsuite hostname="DESKTOP-VV0I5IH" ignored="0" name="Department" tests="16" failures="1" timestamp="2020-06-12T13:10:24 IST" time="192.782" errors="0">
  <testcase name="clickDepartment" time="35.376" classname="com.abstech.tranzack.DepartmentPage"/>
  <testcase name="departmentvalidation" time="13.261" classname="com.abstech.tranzack.DepartmentPage"/>
  <testcase name="departmentNameValidatio" time="13.548" classname="com.abstech.tranzack.DepartmentPage"/>
  <testcase name="departmentHeadValidatio" time="14.126" classname="com.abstech.tranzack.DepartmentPage"/>
  <testcase name="newAddDepartment" time="5.442" classname="com.abstech.tranzack.DepartmentPage"/>
  <testcase name="copy" time="6.792" classname="com.abstech.tranzack.DepartmentPage"/>
  <testcase name="clkButton" time="5.144" classname="com.abstech.tranzack.DepartmentPage"/>
  <testcase name="clkTenRowButton" time="6.579" classname="com.abstech.tranzack.DepartmentPage"/>
  <testcase name="clkNextButton" time="0.066" classname="com.abstech.tranzack.DepartmentPage">
    <failure type="org.openqa.selenium.JavascriptException" message="javascript error: Failed to execute &amp;apos;elementsFromPoint&amp;apos; on &amp;apos;Document&amp;apos;: The provided double value is non-finite.
  (Session info: chrome=83.0.4103.97)
Build info: version: &amp;apos;3.141.59&amp;apos;, revision: &amp;apos;e82be7d358&amp;apos;, time: &amp;apos;2018-11-14T08:17:03&amp;apos;
System info: host: &amp;apos;DESKTOP-VV0I5IH&amp;apos;, ip: &amp;apos;192.168.0.108&amp;apos;, os.name: &amp;apos;Windows 10&amp;apos;, os.arch: &amp;apos;amd64&amp;apos;, os.version: &amp;apos;10.0&amp;apos;, java.version: &amp;apos;1.8.0_251&amp;apos;
Driver info: org.openqa.selenium.chrome.ChromeDriver
Capabilities {acceptInsecureCerts: false, browserName: chrome, browserVersion: 83.0.4103.97, chrome: {chromedriverVersion: 83.0.4103.39 (ccbf011cb2d2b..., userDataDir: C:\Users\abs\AppData\Local\...}, goog:chromeOptions: {debuggerAddress: localhost:55300}, javascriptEnabled: true, networkConnectionEnabled: false, pageLoadStrategy: normal, platform: WINDOWS, platformName: WINDOWS, proxy: Proxy(), setWindowRect: true, strictFileInteractability: false, timeouts: {implicit: 0, pageLoad: 300000, script: 30000}, unhandledPromptBehavior: dismiss and notify, webauthn:virtualAuthenticators: true}
Session ID: ae9049725f831f75d606674cfcaa2efb">
      <![CDATA[org.openqa.selenium.JavascriptException: javascript error: Failed to execute 'elementsFromPoint' on 'Document': The provided double value is non-finite.
  (Session info: chrome=83.0.4103.97)
Build info: version: '3.141.59', revision: 'e82be7d358', time: '2018-11-14T08:17:03'
System info: host: 'DESKTOP-VV0I5IH', ip: '192.168.0.108', os.name: 'Windows 10', os.arch: 'amd64', os.version: '10.0', java.version: '1.8.0_251'
Driver info: org.openqa.selenium.chrome.ChromeDriver
Capabilities {acceptInsecureCerts: false, browserName: chrome, browserVersion: 83.0.4103.97, chrome: {chromedriverVersion: 83.0.4103.39 (ccbf011cb2d2b..., userDataDir: C:\Users\abs\AppData\Local\...}, goog:chromeOptions: {debuggerAddress: localhost:55300}, javascriptEnabled: true, networkConnectionEnabled: false, pageLoadStrategy: normal, platform: WINDOWS, platformName: WINDOWS, proxy: Proxy(), setWindowRect: true, strictFileInteractability: false, timeouts: {implicit: 0, pageLoad: 300000, script: 30000}, unhandledPromptBehavior: dismiss and notify, webauthn:virtualAuthenticators: true}
Session ID: ae9049725f831f75d606674cfcaa2efb
at org.openqa.selenium.remote.http.W3CHttpResponseCodec.createException(W3CHttpResponseCodec.java:187)
at org.openqa.selenium.remote.http.W3CHttpResponseCodec.decode(W3CHttpResponseCodec.java:122)
at org.openqa.selenium.remote.http.W3CHttpResponseCodec.decode(W3CHttpResponseCodec.java:49)
at org.openqa.selenium.remote.HttpCommandExecutor.execute(HttpCommandExecutor.java:158)
at org.openqa.selenium.remote.service.DriverCommandExecutor.execute(DriverCommandExecutor.java:83)
at org.openqa.selenium.remote.RemoteWebDriver.execute(RemoteWebDriver.java:552)
at org.openqa.selenium.remote.RemoteWebDriver.perform(RemoteWebDriver.java:618)
at org.openqa.selenium.interactions.Actions$BuiltAction.perform(Actions.java:639)
at PageObject.Department.getNextButton(Department.java:110)
at com.abstech.tranzack.DepartmentPage.clkNextButton(DepartmentPage.java:204)
at java.util.ArrayList.forEach(Unknown Source)
... Removed 31 stack frames]]>
    </failure>
  </testcase> <!-- clkNextButton -->
  <testcase name="clkTwentyFiveRowButton" time="5.204" classname="com.abstech.tranzack.DepartmentPage"/>
  <testcase name="clkFiftyRowButton" time="6.129" classname="com.abstech.tranzack.DepartmentPage"/>
  <testcase name="clkHideButton" time="7.152" classname="com.abstech.tranzack.DepartmentPage"/>
  <testcase name="clkEditButton" time="11.804" classname="com.abstech.tranzack.DepartmentPage"/>
  <testcase name="clkDeleteButton" time="7.256" classname="com.abstech.tranzack.DepartmentPage"/>
  <testcase name="clkSearchElement" time="19.909" classname="com.abstech.tranzack.DepartmentPage"/>
  <testcase name="clkSearch" time="5.394" classname="com.abstech.tranzack.DepartmentPage"/>
</testsuite> <!-- Department -->
