<?xml version="1.0" encoding="UTF-8"?>
<!-- Generated by org.testng.reporters.JUnitXMLReporter -->
<testsuite hostname="DESKTOP-VV0I5IH" ignored="15" name="Test" tests="1" failures="1" timestamp="2020-06-12T14:11:53 IST" time="47.356" errors="0">
  <testcase name="clkNextButton" time="10.061" classname="com.abstech.tranzack.DepartmentPage">
    <failure type="org.openqa.selenium.NoSuchElementException" message="no such element: Unable to locate element: {&amp;quot;method&amp;quot;:&amp;quot;css selector&amp;quot;,&amp;quot;selector&amp;quot;:&amp;quot;.dt\-button\ buttons\-collection\ buttons\-page\-length&amp;quot;}
  (Session info: chrome=83.0.4103.97)
For documentation on this error, please visit: https://www.seleniumhq.org/exceptions/no_such_element.html
Build info: version: &amp;apos;3.141.59&amp;apos;, revision: &amp;apos;e82be7d358&amp;apos;, time: &amp;apos;2018-11-14T08:17:03&amp;apos;
System info: host: &amp;apos;DESKTOP-VV0I5IH&amp;apos;, ip: &amp;apos;192.168.0.108&amp;apos;, os.name: &amp;apos;Windows 10&amp;apos;, os.arch: &amp;apos;amd64&amp;apos;, os.version: &amp;apos;10.0&amp;apos;, java.version: &amp;apos;1.8.0_251&amp;apos;
Driver info: org.openqa.selenium.chrome.ChromeDriver
Capabilities {acceptInsecureCerts: false, browserName: chrome, browserVersion: 83.0.4103.97, chrome: {chromedriverVersion: 83.0.4103.39 (ccbf011cb2d2b..., userDataDir: C:\Users\abs\AppData\Local\...}, goog:chromeOptions: {debuggerAddress: localhost:62604}, javascriptEnabled: true, networkConnectionEnabled: false, pageLoadStrategy: normal, platform: WINDOWS, platformName: WINDOWS, proxy: Proxy(), setWindowRect: true, strictFileInteractability: false, timeouts: {implicit: 0, pageLoad: 300000, script: 30000}, unhandledPromptBehavior: dismiss and notify, webauthn:virtualAuthenticators: true}
Session ID: 14d67bc3f5cedb514108768092bbc5ee
*** Element info: {Using=class name, value=dt-button buttons-collection buttons-page-length}">
      <![CDATA[org.openqa.selenium.NoSuchElementException: no such element: Unable to locate element: {"method":"css selector","selector":".dt\-button\ buttons\-collection\ buttons\-page\-length"}
  (Session info: chrome=83.0.4103.97)
For documentation on this error, please visit: https://www.seleniumhq.org/exceptions/no_such_element.html
Build info: version: '3.141.59', revision: 'e82be7d358', time: '2018-11-14T08:17:03'
System info: host: 'DESKTOP-VV0I5IH', ip: '192.168.0.108', os.name: 'Windows 10', os.arch: 'amd64', os.version: '10.0', java.version: '1.8.0_251'
Driver info: org.openqa.selenium.chrome.ChromeDriver
Capabilities {acceptInsecureCerts: false, browserName: chrome, browserVersion: 83.0.4103.97, chrome: {chromedriverVersion: 83.0.4103.39 (ccbf011cb2d2b..., userDataDir: C:\Users\abs\AppData\Local\...}, goog:chromeOptions: {debuggerAddress: localhost:62604}, javascriptEnabled: true, networkConnectionEnabled: false, pageLoadStrategy: normal, platform: WINDOWS, platformName: WINDOWS, proxy: Proxy(), setWindowRect: true, strictFileInteractability: false, timeouts: {implicit: 0, pageLoad: 300000, script: 30000}, unhandledPromptBehavior: dismiss and notify, webauthn:virtualAuthenticators: true}
Session ID: 14d67bc3f5cedb514108768092bbc5ee
*** Element info: {Using=class name, value=dt-button buttons-collection buttons-page-length}
at org.openqa.selenium.remote.http.W3CHttpResponseCodec.createException(W3CHttpResponseCodec.java:187)
at org.openqa.selenium.remote.http.W3CHttpResponseCodec.decode(W3CHttpResponseCodec.java:122)
at org.openqa.selenium.remote.http.W3CHttpResponseCodec.decode(W3CHttpResponseCodec.java:49)
at org.openqa.selenium.remote.HttpCommandExecutor.execute(HttpCommandExecutor.java:158)
at org.openqa.selenium.remote.service.DriverCommandExecutor.execute(DriverCommandExecutor.java:83)
at org.openqa.selenium.remote.RemoteWebDriver.execute(RemoteWebDriver.java:552)
at org.openqa.selenium.remote.RemoteWebDriver.findElement(RemoteWebDriver.java:323)
at org.openqa.selenium.remote.RemoteWebDriver.findElementByClassName(RemoteWebDriver.java:412)
at org.openqa.selenium.By$ByClassName.findElement(By.java:389)
at org.openqa.selenium.remote.RemoteWebDriver.findElement(RemoteWebDriver.java:315)
at PageObject.Department.getShowallrows(Department.java:154)
at com.abstech.tranzack.DepartmentPage.clkNextButton(DepartmentPage.java:204)
at java.util.ArrayList.forEach(Unknown Source)
... Removed 31 stack frames]]>
    </failure>
  </testcase> <!-- clkNextButton -->
  <testcase name="clkEditButton" time="0.0" classname="com.abstech.tranzack.DepartmentPage">
    <ignored/>
  </testcase> <!-- clkEditButton -->
  <testcase name="clkHideButton" time="0.0" classname="com.abstech.tranzack.DepartmentPage">
    <ignored/>
  </testcase> <!-- clkHideButton -->
  <testcase name="clickDepartment" time="0.0" classname="com.abstech.tranzack.DepartmentPage">
    <ignored/>
  </testcase> <!-- clickDepartment -->
  <testcase name="clkTenRowButton" time="0.0" classname="com.abstech.tranzack.DepartmentPage">
    <ignored/>
  </testcase> <!-- clkTenRowButton -->
  <testcase name="clkFiftyRowButton" time="0.0" classname="com.abstech.tranzack.DepartmentPage">
    <ignored/>
  </testcase> <!-- clkFiftyRowButton -->
  <testcase name="clkSearch" time="0.0" classname="com.abstech.tranzack.DepartmentPage">
    <ignored/>
  </testcase> <!-- clkSearch -->
  <testcase name="clkDeleteButton" time="0.0" classname="com.abstech.tranzack.DepartmentPage">
    <ignored/>
  </testcase> <!-- clkDeleteButton -->
  <testcase name="newAddDepartment" time="0.0" classname="com.abstech.tranzack.DepartmentPage">
    <ignored/>
  </testcase> <!-- newAddDepartment -->
  <testcase name="clkButton" time="0.0" classname="com.abstech.tranzack.DepartmentPage">
    <ignored/>
  </testcase> <!-- clkButton -->
  <testcase name="clkTwentyFiveRowButton" time="0.0" classname="com.abstech.tranzack.DepartmentPage">
    <ignored/>
  </testcase> <!-- clkTwentyFiveRowButton -->
  <testcase name="departmentNameValidatio" time="0.0" classname="com.abstech.tranzack.DepartmentPage">
    <ignored/>
  </testcase> <!-- departmentNameValidatio -->
  <testcase name="clkSearchElement" time="0.0" classname="com.abstech.tranzack.DepartmentPage">
    <ignored/>
  </testcase> <!-- clkSearchElement -->
  <testcase name="copy" time="0.0" classname="com.abstech.tranzack.DepartmentPage">
    <ignored/>
  </testcase> <!-- copy -->
  <testcase name="departmentHeadValidatio" time="0.0" classname="com.abstech.tranzack.DepartmentPage">
    <ignored/>
  </testcase> <!-- departmentHeadValidatio -->
  <testcase name="departmentvalidation" time="0.0" classname="com.abstech.tranzack.DepartmentPage">
    <ignored/>
  </testcase> <!-- departmentvalidation -->
</testsuite> <!-- Test -->
