<?xml version="1.0" encoding="UTF-8"?>
<!-- Generated by org.testng.reporters.JUnitXMLReporter -->
<testsuite hostname="DESKTOP-VV0I5IH" ignored="18" name="Department(failed)" tests="1" failures="1" timestamp="2020-05-30T15:06:27 IST" time="47.655" errors="0">
  <testcase name="departmentNameValidatio" time="10.045" classname="com.abstech.tranzack.DepartmentPage">
    <failure type="org.openqa.selenium.NoSuchElementException" message="no such element: Unable to locate element: {&amp;quot;method&amp;quot;:&amp;quot;id&amp;quot;,&amp;quot;selector&amp;quot;:&amp;quot;deptName&amp;quot;}
  (Session info: chrome=83.0.4103.61)
  (Driver info: chromedriver=83.0.4103.39 (ccbf011cb2d2b19b506d844400483861342c20cd-refs/branch-heads/4103@{#416}),platform=Windows NT 10.0.18363 x86_64) (WARNING: The server did not provide any stacktrace information)
Command duration or timeout: 10.04 seconds
For documentation on this error, please visit: http://seleniumhq.org/exceptions/no_such_element.html
Build info: version: &amp;apos;2.53.0&amp;apos;, revision: &amp;apos;35ae25b1534ae328c771e0856c93e187490ca824&amp;apos;, time: &amp;apos;2016-03-15 10:43:46&amp;apos;
System info: host: &amp;apos;DESKTOP-VV0I5IH&amp;apos;, ip: &amp;apos;192.168.0.105&amp;apos;, os.name: &amp;apos;Windows 10&amp;apos;, os.arch: &amp;apos;amd64&amp;apos;, os.version: &amp;apos;10.0&amp;apos;, java.version: &amp;apos;1.8.0_251&amp;apos;
Driver info: org.openqa.selenium.chrome.ChromeDriver
Capabilities [{mobileEmulationEnabled=false, timeouts={implicit=0, pageLoad=300000, script=30000}, hasTouchScreen=false, platform=XP, acceptSslCerts=false, goog:chromeOptions={debuggerAddress=localhost:65481}, acceptInsecureCerts=false, webStorageEnabled=true, browserName=chrome, takesScreenshot=true, javascriptEnabled=true, setWindowRect=true, unexpectedAlertBehaviour=ignore, applicationCacheEnabled=false, rotatable=false, networkConnectionEnabled=false, chrome={chromedriverVersion=83.0.4103.39 (ccbf011cb2d2b19b506d844400483861342c20cd-refs/branch-heads/4103@{#416}), userDataDir=C:\Users\abs\AppData\Local\Temp\scoped_dir6880_919218007}, takesHeapSnapshot=true, pageLoadStrategy=normal, strictFileInteractability=false, databaseEnabled=false, handlesAlerts=true, version=83.0.4103.61, browserConnectionEnabled=false, proxy={}, nativeEvents=true, locationContextEnabled=true, cssSelectorsEnabled=true, webauthn:virtualAuthenticators=true}]
Session ID: 1011ab523f3fb2187d3ece0630698cad
*** Element info: {Using=id, value=deptName}">
      <![CDATA[org.openqa.selenium.NoSuchElementException: no such element: Unable to locate element: {"method":"id","selector":"deptName"}
  (Session info: chrome=83.0.4103.61)
  (Driver info: chromedriver=83.0.4103.39 (ccbf011cb2d2b19b506d844400483861342c20cd-refs/branch-heads/4103@{#416}),platform=Windows NT 10.0.18363 x86_64) (WARNING: The server did not provide any stacktrace information)
Command duration or timeout: 10.04 seconds
For documentation on this error, please visit: http://seleniumhq.org/exceptions/no_such_element.html
Build info: version: '2.53.0', revision: '35ae25b1534ae328c771e0856c93e187490ca824', time: '2016-03-15 10:43:46'
System info: host: 'DESKTOP-VV0I5IH', ip: '192.168.0.105', os.name: 'Windows 10', os.arch: 'amd64', os.version: '10.0', java.version: '1.8.0_251'
Driver info: org.openqa.selenium.chrome.ChromeDriver
Capabilities [{mobileEmulationEnabled=false, timeouts={implicit=0, pageLoad=300000, script=30000}, hasTouchScreen=false, platform=XP, acceptSslCerts=false, goog:chromeOptions={debuggerAddress=localhost:65481}, acceptInsecureCerts=false, webStorageEnabled=true, browserName=chrome, takesScreenshot=true, javascriptEnabled=true, setWindowRect=true, unexpectedAlertBehaviour=ignore, applicationCacheEnabled=false, rotatable=false, networkConnectionEnabled=false, chrome={chromedriverVersion=83.0.4103.39 (ccbf011cb2d2b19b506d844400483861342c20cd-refs/branch-heads/4103@{#416}), userDataDir=C:\Users\abs\AppData\Local\Temp\scoped_dir6880_919218007}, takesHeapSnapshot=true, pageLoadStrategy=normal, strictFileInteractability=false, databaseEnabled=false, handlesAlerts=true, version=83.0.4103.61, browserConnectionEnabled=false, proxy={}, nativeEvents=true, locationContextEnabled=true, cssSelectorsEnabled=true, webauthn:virtualAuthenticators=true}]
Session ID: 1011ab523f3fb2187d3ece0630698cad
*** Element info: {Using=id, value=deptName}
at org.openqa.selenium.remote.ErrorHandler.createThrowable(ErrorHandler.java:206)
at org.openqa.selenium.remote.ErrorHandler.throwIfResponseFailed(ErrorHandler.java:158)
at org.openqa.selenium.remote.RemoteWebDriver.execute(RemoteWebDriver.java:678)
at org.openqa.selenium.remote.RemoteWebDriver.findElement(RemoteWebDriver.java:363)
at org.openqa.selenium.remote.RemoteWebDriver.findElementById(RemoteWebDriver.java:413)
at org.openqa.selenium.By$ById.findElement(By.java:218)
at org.openqa.selenium.remote.RemoteWebDriver.findElement(RemoteWebDriver.java:355)
at PageObject.Department.getAddDepartmentName(Department.java:62)
at com.abstech.tranzack.DepartmentPage.departmentNameValidatio(DepartmentPage.java:90)
at java.util.ArrayList.forEach(Unknown Source)
... Removed 31 stack frames]]>
    </failure>
  </testcase> <!-- departmentNameValidatio -->
  <testcase name="clkEditButton" time="0.0" classname="com.abstech.tranzack.DepartmentPage">
    <ignored/>
  </testcase> <!-- clkEditButton -->
  <testcase name="clkHideButton" time="0.0" classname="com.abstech.tranzack.DepartmentPage">
    <ignored/>
  </testcase> <!-- clkHideButton -->
  <testcase name="clickDepartment" time="0.0" classname="com.abstech.tranzack.DepartmentPage">
    <ignored/>
  </testcase> <!-- clickDepartment -->
  <testcase name="clkTenRowButton" time="0.0" classname="com.abstech.tranzack.DepartmentPage">
    <ignored/>
  </testcase> <!-- clkTenRowButton -->
  <testcase name="clkFiftyRowButton" time="0.0" classname="com.abstech.tranzack.DepartmentPage">
    <ignored/>
  </testcase> <!-- clkFiftyRowButton -->
  <testcase name="clkSearch" time="0.0" classname="com.abstech.tranzack.DepartmentPage">
    <ignored/>
  </testcase> <!-- clkSearch -->
  <testcase name="clkDeleteButton" time="0.0" classname="com.abstech.tranzack.DepartmentPage">
    <ignored/>
  </testcase> <!-- clkDeleteButton -->
  <testcase name="newAddDepartment" time="0.0" classname="com.abstech.tranzack.DepartmentPage">
    <ignored/>
  </testcase> <!-- newAddDepartment -->
  <testcase name="DownloadCSV" time="0.0" classname="com.abstech.tranzack.DepartmentPage">
    <ignored/>
  </testcase> <!-- DownloadCSV -->
  <testcase name="clkButton" time="0.0" classname="com.abstech.tranzack.DepartmentPage">
    <ignored/>
  </testcase> <!-- clkButton -->
  <testcase name="clkNextButton" time="0.0" classname="com.abstech.tranzack.DepartmentPage">
    <ignored/>
  </testcase> <!-- clkNextButton -->
  <testcase name="clkTwentyFiveRowButton" time="0.0" classname="com.abstech.tranzack.DepartmentPage">
    <ignored/>
  </testcase> <!-- clkTwentyFiveRowButton -->
  <testcase name="clkSearchElement" time="0.0" classname="com.abstech.tranzack.DepartmentPage">
    <ignored/>
  </testcase> <!-- clkSearchElement -->
  <testcase name="DownloadExcel" time="0.0" classname="com.abstech.tranzack.DepartmentPage">
    <ignored/>
  </testcase> <!-- DownloadExcel -->
  <testcase name="copy" time="0.0" classname="com.abstech.tranzack.DepartmentPage">
    <ignored/>
  </testcase> <!-- copy -->
  <testcase name="departmentHeadValidatio" time="0.0" classname="com.abstech.tranzack.DepartmentPage">
    <ignored/>
  </testcase> <!-- departmentHeadValidatio -->
  <testcase name="departmentvalidation" time="0.0" classname="com.abstech.tranzack.DepartmentPage">
    <ignored/>
  </testcase> <!-- departmentvalidation -->
  <testcase name="DownloadPDF" time="0.0" classname="com.abstech.tranzack.DepartmentPage">
    <ignored/>
  </testcase> <!-- DownloadPDF -->
</testsuite> <!-- Department(failed) -->
