<?xml version="1.0" encoding="UTF-8"?>
<testng-results skipped="0" failed="2" ignored="0" total="42" passed="40">
  <reporter-output>
  </reporter-output>
  <suite name="Suite" duration-ms="409345" started-at="2020-06-12T17:50:37 IST" finished-at="2020-06-12T17:57:27 IST">
    <groups>
    </groups>
    <test name="Dashboard" duration-ms="11183" started-at="2020-06-12T17:50:37 IST" finished-at="2020-06-12T17:50:49 IST">
      <class name="com.abstech.tranzack.HomePage">
        <test-method status="PASS" signature="initialize()[pri:0, instance:com.abstech.tranzack.HomePage@ed7f8b4]" name="initialize" is-config="true" duration-ms="6453" started-at="2020-06-12T17:50:37 IST" finished-at="2020-06-12T17:50:44 IST">
          <reporter-output>
          </reporter-output>
        </test-method> <!-- initialize -->
        <test-method status="PASS" signature="homepageNav()[pri:0, instance:com.abstech.tranzack.HomePage@ed7f8b4]" name="homepageNav" duration-ms="2718" started-at="2020-06-12T17:50:44 IST" finished-at="2020-06-12T17:50:47 IST">
          <reporter-output>
          </reporter-output>
        </test-method> <!-- homepageNav -->
        <test-method status="PASS" signature="teardown()[pri:0, instance:com.abstech.tranzack.HomePage@ed7f8b4]" name="teardown" is-config="true" duration-ms="1968" started-at="2020-06-12T17:50:47 IST" finished-at="2020-06-12T17:50:49 IST">
          <reporter-output>
          </reporter-output>
        </test-method> <!-- teardown -->
      </class> <!-- com.abstech.tranzack.HomePage -->
    </test> <!-- Dashboard -->
    <test name="login" duration-ms="118505" started-at="2020-06-12T17:50:49 IST" finished-at="2020-06-12T17:52:47 IST">
      <class name="com.abstech.tranzack.DashboardPage">
        <test-method status="PASS" signature="initialize()[pri:0, instance:com.abstech.tranzack.DashboardPage@2118cddf]" name="initialize" is-config="true" duration-ms="5997" started-at="2020-06-12T17:50:49 IST" finished-at="2020-06-12T17:50:55 IST">
          <reporter-output>
          </reporter-output>
        </test-method> <!-- initialize -->
        <test-method status="PASS" signature="login()[pri:0, instance:com.abstech.tranzack.DashboardPage@2118cddf]" name="login" is-config="true" duration-ms="16990" started-at="2020-06-12T17:50:55 IST" finished-at="2020-06-12T17:51:12 IST">
          <reporter-output>
          </reporter-output>
        </test-method> <!-- login -->
        <test-method status="PASS" signature="movemaster()[pri:0, instance:com.abstech.tranzack.DashboardPage@2118cddf]" name="movemaster" duration-ms="5176" started-at="2020-06-12T17:51:12 IST" finished-at="2020-06-12T17:51:17 IST">
          <reporter-output>
          </reporter-output>
        </test-method> <!-- movemaster -->
        <test-method status="PASS" signature="moveReport()[pri:1, instance:com.abstech.tranzack.DashboardPage@2118cddf]" name="moveReport" duration-ms="5161" started-at="2020-06-12T17:51:17 IST" finished-at="2020-06-12T17:51:22 IST">
          <reporter-output>
          </reporter-output>
        </test-method> <!-- moveReport -->
        <test-method status="PASS" signature="moveHSD()[pri:2, instance:com.abstech.tranzack.DashboardPage@2118cddf]" name="moveHSD" duration-ms="5144" started-at="2020-06-12T17:51:22 IST" finished-at="2020-06-12T17:51:27 IST">
          <reporter-output>
          </reporter-output>
        </test-method> <!-- moveHSD -->
        <test-method status="PASS" signature="moveHR()[pri:3, instance:com.abstech.tranzack.DashboardPage@2118cddf]" name="moveHR" duration-ms="5149" started-at="2020-06-12T17:51:27 IST" finished-at="2020-06-12T17:51:32 IST">
          <reporter-output>
          </reporter-output>
        </test-method> <!-- moveHR -->
        <test-method status="PASS" signature="moveTyre()[pri:4, instance:com.abstech.tranzack.DashboardPage@2118cddf]" name="moveTyre" duration-ms="5732" started-at="2020-06-12T17:51:32 IST" finished-at="2020-06-12T17:51:38 IST">
          <reporter-output>
          </reporter-output>
        </test-method> <!-- moveTyre -->
        <test-method status="PASS" signature="moveApproval()[pri:5, instance:com.abstech.tranzack.DashboardPage@2118cddf]" name="moveApproval" duration-ms="5146" started-at="2020-06-12T17:51:38 IST" finished-at="2020-06-12T17:51:43 IST">
          <reporter-output>
          </reporter-output>
        </test-method> <!-- moveApproval -->
        <test-method status="PASS" signature="moveStoreAndPur()[pri:6, instance:com.abstech.tranzack.DashboardPage@2118cddf]" name="moveStoreAndPur" duration-ms="5145" started-at="2020-06-12T17:51:43 IST" finished-at="2020-06-12T17:51:48 IST">
          <reporter-output>
          </reporter-output>
        </test-method> <!-- moveStoreAndPur -->
        <test-method status="PASS" signature="moveFinance()[pri:7, instance:com.abstech.tranzack.DashboardPage@2118cddf]" name="moveFinance" duration-ms="5763" started-at="2020-06-12T17:51:48 IST" finished-at="2020-06-12T17:51:54 IST">
          <reporter-output>
          </reporter-output>
        </test-method> <!-- moveFinance -->
        <test-method status="PASS" signature="clickmenu()[pri:9, instance:com.abstech.tranzack.DashboardPage@2118cddf]" name="clickmenu" duration-ms="5316" started-at="2020-06-12T17:51:54 IST" finished-at="2020-06-12T17:51:59 IST">
          <reporter-output>
          </reporter-output>
        </test-method> <!-- clickmenu -->
        <test-method status="PASS" signature="clickMaster()[pri:10, instance:com.abstech.tranzack.DashboardPage@2118cddf]" name="clickMaster" duration-ms="5223" started-at="2020-06-12T17:51:59 IST" finished-at="2020-06-12T17:52:05 IST">
          <reporter-output>
          </reporter-output>
        </test-method> <!-- clickMaster -->
        <test-method status="PASS" signature="clickReports()[pri:11, instance:com.abstech.tranzack.DashboardPage@2118cddf]" name="clickReports" duration-ms="5911" started-at="2020-06-12T17:52:05 IST" finished-at="2020-06-12T17:52:11 IST">
          <reporter-output>
          </reporter-output>
        </test-method> <!-- clickReports -->
        <test-method status="PASS" signature="clickhsd()[pri:12, instance:com.abstech.tranzack.DashboardPage@2118cddf]" name="clickhsd" duration-ms="5194" started-at="2020-06-12T17:52:11 IST" finished-at="2020-06-12T17:52:16 IST">
          <reporter-output>
          </reporter-output>
        </test-method> <!-- clickhsd -->
        <test-method status="PASS" signature="clickHR()[pri:13, instance:com.abstech.tranzack.DashboardPage@2118cddf]" name="clickHR" duration-ms="5180" started-at="2020-06-12T17:52:16 IST" finished-at="2020-06-12T17:52:21 IST">
          <reporter-output>
          </reporter-output>
        </test-method> <!-- clickHR -->
        <test-method status="PASS" signature="clickTyre()[pri:14, instance:com.abstech.tranzack.DashboardPage@2118cddf]" name="clickTyre" duration-ms="5942" started-at="2020-06-12T17:52:21 IST" finished-at="2020-06-12T17:52:27 IST">
          <reporter-output>
          </reporter-output>
        </test-method> <!-- clickTyre -->
        <test-method status="PASS" signature="clickApproval()[pri:15, instance:com.abstech.tranzack.DashboardPage@2118cddf]" name="clickApproval" duration-ms="5266" started-at="2020-06-12T17:52:27 IST" finished-at="2020-06-12T17:52:32 IST">
          <reporter-output>
          </reporter-output>
        </test-method> <!-- clickApproval -->
        <test-method status="PASS" signature="clickStore()[pri:16, instance:com.abstech.tranzack.DashboardPage@2118cddf]" name="clickStore" duration-ms="5185" started-at="2020-06-12T17:52:32 IST" finished-at="2020-06-12T17:52:37 IST">
          <reporter-output>
          </reporter-output>
        </test-method> <!-- clickStore -->
        <test-method status="PASS" signature="clickFinance()[pri:17, instance:com.abstech.tranzack.DashboardPage@2118cddf]" name="clickFinance" duration-ms="5788" started-at="2020-06-12T17:52:37 IST" finished-at="2020-06-12T17:52:43 IST">
          <reporter-output>
          </reporter-output>
        </test-method> <!-- clickFinance -->
        <test-method status="PASS" signature="clickmenuAgain()[pri:18, instance:com.abstech.tranzack.DashboardPage@2118cddf]" name="clickmenuAgain" duration-ms="3310" started-at="2020-06-12T17:52:43 IST" finished-at="2020-06-12T17:52:46 IST">
          <reporter-output>
          </reporter-output>
        </test-method> <!-- clickmenuAgain -->
        <test-method status="PASS" signature="teardown()[pri:0, instance:com.abstech.tranzack.DashboardPage@2118cddf]" name="teardown" is-config="true" duration-ms="760" started-at="2020-06-12T17:52:46 IST" finished-at="2020-06-12T17:52:47 IST">
          <reporter-output>
          </reporter-output>
        </test-method> <!-- teardown -->
      </class> <!-- com.abstech.tranzack.DashboardPage -->
    </test> <!-- login -->
    <test name="Department" duration-ms="195101" started-at="2020-06-12T17:52:47 IST" finished-at="2020-06-12T17:56:02 IST">
      <class name="com.abstech.tranzack.DepartmentPage">
        <test-method status="PASS" signature="initialize()[pri:0, instance:com.abstech.tranzack.DepartmentPage@fa36558]" name="initialize" is-config="true" duration-ms="6121" started-at="2020-06-12T17:52:47 IST" finished-at="2020-06-12T17:52:53 IST">
          <reporter-output>
          </reporter-output>
        </test-method> <!-- initialize -->
        <test-method status="PASS" signature="login()[pri:0, instance:com.abstech.tranzack.DepartmentPage@fa36558]" name="login" is-config="true" duration-ms="22639" started-at="2020-06-12T17:52:53 IST" finished-at="2020-06-12T17:53:16 IST">
          <reporter-output>
          </reporter-output>
        </test-method> <!-- login -->
        <test-method status="PASS" signature="clickDepartment()[pri:1, instance:com.abstech.tranzack.DepartmentPage@fa36558]" name="clickDepartment" duration-ms="36698" started-at="2020-06-12T17:53:16 IST" finished-at="2020-06-12T17:53:53 IST">
          <reporter-output>
          </reporter-output>
        </test-method> <!-- clickDepartment -->
        <test-method status="PASS" signature="departmentvalidation()[pri:2, instance:com.abstech.tranzack.DepartmentPage@fa36558]" name="departmentvalidation" duration-ms="13896" started-at="2020-06-12T17:53:53 IST" finished-at="2020-06-12T17:54:07 IST">
          <reporter-output>
          </reporter-output>
        </test-method> <!-- departmentvalidation -->
        <test-method status="PASS" signature="departmentNameValidatio()[pri:3, instance:com.abstech.tranzack.DepartmentPage@fa36558]" name="departmentNameValidatio" duration-ms="14091" started-at="2020-06-12T17:54:07 IST" finished-at="2020-06-12T17:54:21 IST">
          <reporter-output>
          </reporter-output>
        </test-method> <!-- departmentNameValidatio -->
        <test-method status="PASS" signature="departmentHeadValidatio()[pri:4, instance:com.abstech.tranzack.DepartmentPage@fa36558]" name="departmentHeadValidatio" duration-ms="10373" started-at="2020-06-12T17:54:21 IST" finished-at="2020-06-12T17:54:31 IST">
          <reporter-output>
          </reporter-output>
        </test-method> <!-- departmentHeadValidatio -->
        <test-method status="PASS" signature="newAddDepartment()[pri:5, instance:com.abstech.tranzack.DepartmentPage@fa36558]" name="newAddDepartment" duration-ms="5398" started-at="2020-06-12T17:54:31 IST" finished-at="2020-06-12T17:54:36 IST">
          <reporter-output>
          </reporter-output>
        </test-method> <!-- newAddDepartment -->
        <test-method status="PASS" signature="DownloadExcel()[pri:6, instance:com.abstech.tranzack.DepartmentPage@fa36558]" name="DownloadExcel" duration-ms="5196" started-at="2020-06-12T17:54:36 IST" finished-at="2020-06-12T17:54:42 IST">
          <reporter-output>
          </reporter-output>
        </test-method> <!-- DownloadExcel -->
        <test-method status="PASS" signature="DownloadCSV()[pri:7, instance:com.abstech.tranzack.DepartmentPage@fa36558]" name="DownloadCSV" duration-ms="6659" started-at="2020-06-12T17:54:42 IST" finished-at="2020-06-12T17:54:48 IST">
          <reporter-output>
          </reporter-output>
        </test-method> <!-- DownloadCSV -->
        <test-method status="PASS" signature="DownloadPDF()[pri:8, instance:com.abstech.tranzack.DepartmentPage@fa36558]" name="DownloadPDF" duration-ms="5472" started-at="2020-06-12T17:54:48 IST" finished-at="2020-06-12T17:54:54 IST">
          <reporter-output>
          </reporter-output>
        </test-method> <!-- DownloadPDF -->
        <test-method status="PASS" signature="copy()[pri:9, instance:com.abstech.tranzack.DepartmentPage@fa36558]" name="copy" duration-ms="6116" started-at="2020-06-12T17:54:54 IST" finished-at="2020-06-12T17:55:00 IST">
          <reporter-output>
          </reporter-output>
        </test-method> <!-- copy -->
        <test-method status="PASS" signature="clkButton()[pri:10, instance:com.abstech.tranzack.DepartmentPage@fa36558]" name="clkButton" duration-ms="5137" started-at="2020-06-12T17:55:00 IST" finished-at="2020-06-12T17:55:05 IST">
          <reporter-output>
          </reporter-output>
        </test-method> <!-- clkButton -->
        <test-method status="PASS" signature="clkTenRowButton()[pri:11, instance:com.abstech.tranzack.DepartmentPage@fa36558]" name="clkTenRowButton" duration-ms="7103" started-at="2020-06-12T17:55:05 IST" finished-at="2020-06-12T17:55:12 IST">
          <reporter-output>
          </reporter-output>
        </test-method> <!-- clkTenRowButton -->
        <test-method status="PASS" signature="clkNextButton()[pri:12, instance:com.abstech.tranzack.DepartmentPage@fa36558]" name="clkNextButton" duration-ms="7959" started-at="2020-06-12T17:55:12 IST" finished-at="2020-06-12T17:55:20 IST">
          <reporter-output>
          </reporter-output>
        </test-method> <!-- clkNextButton -->
        <test-method status="PASS" signature="clkTwentyFiveRowButton()[pri:13, instance:com.abstech.tranzack.DepartmentPage@fa36558]" name="clkTwentyFiveRowButton" duration-ms="5298" started-at="2020-06-12T17:55:20 IST" finished-at="2020-06-12T17:55:25 IST">
          <reporter-output>
          </reporter-output>
        </test-method> <!-- clkTwentyFiveRowButton -->
        <test-method status="PASS" signature="clkFiftyRowButton()[pri:14, instance:com.abstech.tranzack.DepartmentPage@fa36558]" name="clkFiftyRowButton" duration-ms="5220" started-at="2020-06-12T17:55:25 IST" finished-at="2020-06-12T17:55:31 IST">
          <reporter-output>
          </reporter-output>
        </test-method> <!-- clkFiftyRowButton -->
        <test-method status="PASS" signature="clkHideButton()[pri:16, instance:com.abstech.tranzack.DepartmentPage@fa36558]" name="clkHideButton" duration-ms="8681" started-at="2020-06-12T17:55:31 IST" finished-at="2020-06-12T17:55:39 IST">
          <reporter-output>
          </reporter-output>
        </test-method> <!-- clkHideButton -->
        <test-method status="PASS" signature="clkEditButton()[pri:17, instance:com.abstech.tranzack.DepartmentPage@fa36558]" name="clkEditButton" duration-ms="10280" started-at="2020-06-12T17:55:39 IST" finished-at="2020-06-12T17:55:50 IST">
          <reporter-output>
          </reporter-output>
        </test-method> <!-- clkEditButton -->
        <test-method status="FAIL" signature="clkDeleteButton()[pri:18, instance:com.abstech.tranzack.DepartmentPage@fa36558]" name="clkDeleteButton" duration-ms="5047" started-at="2020-06-12T17:55:50 IST" finished-at="2020-06-12T17:55:55 IST">
          <exception class="org.openqa.selenium.NoSuchElementException">
            <message>
              <![CDATA[no such element: Unable to locate element: {"method":"xpath","selector":"//tr[32]//td[4]//button[3]"}
  (Session info: chrome=83.0.4103.97)
For documentation on this error, please visit: https://www.seleniumhq.org/exceptions/no_such_element.html
Build info: version: '3.141.59', revision: 'e82be7d358', time: '2018-11-14T08:17:03'
System info: host: 'DESKTOP-VV0I5IH', ip: '192.168.0.108', os.name: 'Windows 10', os.arch: 'amd64', os.version: '10.0', java.version: '1.8.0_251'
Driver info: org.openqa.selenium.chrome.ChromeDriver
Capabilities {acceptInsecureCerts: false, browserName: chrome, browserVersion: 83.0.4103.97, chrome: {chromedriverVersion: 83.0.4103.39 (ccbf011cb2d2b..., userDataDir: C:\Users\abs\AppData\Local\...}, goog:chromeOptions: {debuggerAddress: localhost:49254}, javascriptEnabled: true, networkConnectionEnabled: false, pageLoadStrategy: normal, platform: WINDOWS, platformName: WINDOWS, proxy: Proxy(), setWindowRect: true, strictFileInteractability: false, timeouts: {implicit: 0, pageLoad: 300000, script: 30000}, unhandledPromptBehavior: dismiss and notify, webauthn:virtualAuthenticators: true}
Session ID: 36abd4e239651f55ccc4a4ff931e8245
*** Element info: {Using=xpath, value=//tr[32]//td[4]//button[3]}]]>
            </message>
            <full-stacktrace>
              <![CDATA[org.openqa.selenium.NoSuchElementException: no such element: Unable to locate element: {"method":"xpath","selector":"//tr[32]//td[4]//button[3]"}
  (Session info: chrome=83.0.4103.97)
For documentation on this error, please visit: https://www.seleniumhq.org/exceptions/no_such_element.html
Build info: version: '3.141.59', revision: 'e82be7d358', time: '2018-11-14T08:17:03'
System info: host: 'DESKTOP-VV0I5IH', ip: '192.168.0.108', os.name: 'Windows 10', os.arch: 'amd64', os.version: '10.0', java.version: '1.8.0_251'
Driver info: org.openqa.selenium.chrome.ChromeDriver
Capabilities {acceptInsecureCerts: false, browserName: chrome, browserVersion: 83.0.4103.97, chrome: {chromedriverVersion: 83.0.4103.39 (ccbf011cb2d2b..., userDataDir: C:\Users\abs\AppData\Local\...}, goog:chromeOptions: {debuggerAddress: localhost:49254}, javascriptEnabled: true, networkConnectionEnabled: false, pageLoadStrategy: normal, platform: WINDOWS, platformName: WINDOWS, proxy: Proxy(), setWindowRect: true, strictFileInteractability: false, timeouts: {implicit: 0, pageLoad: 300000, script: 30000}, unhandledPromptBehavior: dismiss and notify, webauthn:virtualAuthenticators: true}
Session ID: 36abd4e239651f55ccc4a4ff931e8245
*** Element info: {Using=xpath, value=//tr[32]//td[4]//button[3]}
at sun.reflect.NativeConstructorAccessorImpl.newInstance0(Native Method)
at sun.reflect.NativeConstructorAccessorImpl.newInstance(Unknown Source)
at sun.reflect.DelegatingConstructorAccessorImpl.newInstance(Unknown Source)
at java.lang.reflect.Constructor.newInstance(Unknown Source)
at org.openqa.selenium.remote.http.W3CHttpResponseCodec.createException(W3CHttpResponseCodec.java:187)
at org.openqa.selenium.remote.http.W3CHttpResponseCodec.decode(W3CHttpResponseCodec.java:122)
at org.openqa.selenium.remote.http.W3CHttpResponseCodec.decode(W3CHttpResponseCodec.java:49)
at org.openqa.selenium.remote.HttpCommandExecutor.execute(HttpCommandExecutor.java:158)
at org.openqa.selenium.remote.service.DriverCommandExecutor.execute(DriverCommandExecutor.java:83)
at org.openqa.selenium.remote.RemoteWebDriver.execute(RemoteWebDriver.java:552)
at org.openqa.selenium.remote.RemoteWebDriver.findElement(RemoteWebDriver.java:323)
at org.openqa.selenium.remote.RemoteWebDriver.findElementByXPath(RemoteWebDriver.java:428)
at org.openqa.selenium.By$ByXPath.findElement(By.java:353)
at org.openqa.selenium.remote.RemoteWebDriver.findElement(RemoteWebDriver.java:315)
at PageObject.Department.getDeleteButton(Department.java:132)
at com.abstech.tranzack.DepartmentPage.clkDeleteButton(DepartmentPage.java:241)
at sun.reflect.NativeMethodAccessorImpl.invoke0(Native Method)
at sun.reflect.NativeMethodAccessorImpl.invoke(Unknown Source)
at sun.reflect.DelegatingMethodAccessorImpl.invoke(Unknown Source)
at java.lang.reflect.Method.invoke(Unknown Source)
at org.testng.internal.MethodInvocationHelper.invokeMethod(MethodInvocationHelper.java:135)
at org.testng.internal.TestInvoker.invokeMethod(TestInvoker.java:598)
at org.testng.internal.TestInvoker.invokeTestMethod(TestInvoker.java:174)
at org.testng.internal.MethodRunner.runInSequence(MethodRunner.java:46)
at org.testng.internal.TestInvoker$MethodInvocationAgent.invoke(TestInvoker.java:821)
at org.testng.internal.TestInvoker.invokeTestMethods(TestInvoker.java:147)
at org.testng.internal.TestMethodWorker.invokeTestMethods(TestMethodWorker.java:146)
at org.testng.internal.TestMethodWorker.run(TestMethodWorker.java:128)
at java.util.ArrayList.forEach(Unknown Source)
at org.testng.TestRunner.privateRun(TestRunner.java:767)
at org.testng.TestRunner.run(TestRunner.java:588)
at org.testng.SuiteRunner.runTest(SuiteRunner.java:384)
at org.testng.SuiteRunner.runSequentially(SuiteRunner.java:378)
at org.testng.SuiteRunner.privateRun(SuiteRunner.java:337)
at org.testng.SuiteRunner.run(SuiteRunner.java:286)
at org.testng.SuiteRunnerWorker.runSuite(SuiteRunnerWorker.java:53)
at org.testng.SuiteRunnerWorker.run(SuiteRunnerWorker.java:96)
at org.testng.TestNG.runSuitesSequentially(TestNG.java:1214)
at org.testng.TestNG.runSuitesLocally(TestNG.java:1136)
at org.testng.TestNG.runSuites(TestNG.java:1066)
at org.testng.TestNG.run(TestNG.java:1034)
at org.testng.remote.AbstractRemoteTestNG.run(AbstractRemoteTestNG.java:115)
at org.testng.remote.RemoteTestNG.initAndRun(RemoteTestNG.java:251)
at org.testng.remote.RemoteTestNG.main(RemoteTestNG.java:77)
]]>
            </full-stacktrace>
          </exception> <!-- org.openqa.selenium.NoSuchElementException -->
          <reporter-output>
          </reporter-output>
        </test-method> <!-- clkDeleteButton -->
        <test-method status="FAIL" signature="clkSearchElement()[pri:19, instance:com.abstech.tranzack.DepartmentPage@fa36558]" name="clkSearchElement" duration-ms="878" started-at="2020-06-12T17:55:55 IST" finished-at="2020-06-12T17:55:56 IST">
          <exception class="java.lang.IndexOutOfBoundsException">
            <message>
              <![CDATA[Index: 10, Size: 10]]>
            </message>
            <full-stacktrace>
              <![CDATA[java.lang.IndexOutOfBoundsException: Index: 10, Size: 10
at java.util.ArrayList.rangeCheck(Unknown Source)
at java.util.ArrayList.get(Unknown Source)
at com.abstech.tranzack.DepartmentPage.clkSearchElement(DepartmentPage.java:257)
at sun.reflect.NativeMethodAccessorImpl.invoke0(Native Method)
at sun.reflect.NativeMethodAccessorImpl.invoke(Unknown Source)
at sun.reflect.DelegatingMethodAccessorImpl.invoke(Unknown Source)
at java.lang.reflect.Method.invoke(Unknown Source)
at org.testng.internal.MethodInvocationHelper.invokeMethod(MethodInvocationHelper.java:135)
at org.testng.internal.TestInvoker.invokeMethod(TestInvoker.java:598)
at org.testng.internal.TestInvoker.invokeTestMethod(TestInvoker.java:174)
at org.testng.internal.MethodRunner.runInSequence(MethodRunner.java:46)
at org.testng.internal.TestInvoker$MethodInvocationAgent.invoke(TestInvoker.java:821)
at org.testng.internal.TestInvoker.invokeTestMethods(TestInvoker.java:147)
at org.testng.internal.TestMethodWorker.invokeTestMethods(TestMethodWorker.java:146)
at org.testng.internal.TestMethodWorker.run(TestMethodWorker.java:128)
at java.util.ArrayList.forEach(Unknown Source)
at org.testng.TestRunner.privateRun(TestRunner.java:767)
at org.testng.TestRunner.run(TestRunner.java:588)
at org.testng.SuiteRunner.runTest(SuiteRunner.java:384)
at org.testng.SuiteRunner.runSequentially(SuiteRunner.java:378)
at org.testng.SuiteRunner.privateRun(SuiteRunner.java:337)
at org.testng.SuiteRunner.run(SuiteRunner.java:286)
at org.testng.SuiteRunnerWorker.runSuite(SuiteRunnerWorker.java:53)
at org.testng.SuiteRunnerWorker.run(SuiteRunnerWorker.java:96)
at org.testng.TestNG.runSuitesSequentially(TestNG.java:1214)
at org.testng.TestNG.runSuitesLocally(TestNG.java:1136)
at org.testng.TestNG.runSuites(TestNG.java:1066)
at org.testng.TestNG.run(TestNG.java:1034)
at org.testng.remote.AbstractRemoteTestNG.run(AbstractRemoteTestNG.java:115)
at org.testng.remote.RemoteTestNG.initAndRun(RemoteTestNG.java:251)
at org.testng.remote.RemoteTestNG.main(RemoteTestNG.java:77)
]]>
            </full-stacktrace>
          </exception> <!-- java.lang.IndexOutOfBoundsException -->
          <reporter-output>
          </reporter-output>
        </test-method> <!-- clkSearchElement -->
        <test-method status="PASS" signature="clkSearch()[pri:20, instance:com.abstech.tranzack.DepartmentPage@fa36558]" name="clkSearch" duration-ms="5399" started-at="2020-06-12T17:55:56 IST" finished-at="2020-06-12T17:56:02 IST">
          <reporter-output>
          </reporter-output>
        </test-method> <!-- clkSearch -->
        <test-method status="PASS" signature="teardown()[pri:0, instance:com.abstech.tranzack.DepartmentPage@fa36558]" name="teardown" is-config="true" duration-ms="749" started-at="2020-06-12T17:56:02 IST" finished-at="2020-06-12T17:56:02 IST">
          <reporter-output>
          </reporter-output>
        </test-method> <!-- teardown -->
      </class> <!-- com.abstech.tranzack.DepartmentPage -->
    </test> <!-- Department -->
    <test name="Attendance" duration-ms="84498" started-at="2020-06-12T17:56:02 IST" finished-at="2020-06-12T17:57:27 IST">
      <class name="com.abstech.tranzack.AttendancePage">
        <test-method status="PASS" signature="initialize()[pri:0, instance:com.abstech.tranzack.AttendancePage@484970b0]" name="initialize" is-config="true" duration-ms="5849" started-at="2020-06-12T17:56:02 IST" finished-at="2020-06-12T17:56:08 IST">
          <reporter-output>
          </reporter-output>
        </test-method> <!-- initialize -->
        <test-method status="PASS" signature="login()[pri:0, instance:com.abstech.tranzack.AttendancePage@484970b0]" name="login" is-config="true" duration-ms="22460" started-at="2020-06-12T17:56:08 IST" finished-at="2020-06-12T17:56:31 IST">
          <reporter-output>
          </reporter-output>
        </test-method> <!-- login -->
        <test-method status="PASS" signature="clickDepartment()[pri:1, instance:com.abstech.tranzack.AttendancePage@484970b0]" name="clickDepartment" duration-ms="20177" started-at="2020-06-12T17:56:31 IST" finished-at="2020-06-12T17:56:51 IST">
          <reporter-output>
          </reporter-output>
        </test-method> <!-- clickDepartment -->
        <test-method status="PASS" signature="clkClander()[pri:2, instance:com.abstech.tranzack.AttendancePage@484970b0]" name="clkClander" duration-ms="29129" started-at="2020-06-12T17:56:51 IST" finished-at="2020-06-12T17:57:20 IST">
          <reporter-output>
          </reporter-output>
        </test-method> <!-- clkClander -->
        <test-method status="PASS" signature="clkCopy()[pri:3, instance:com.abstech.tranzack.AttendancePage@484970b0]" name="clkCopy" duration-ms="6062" started-at="2020-06-12T17:57:20 IST" finished-at="2020-06-12T17:57:26 IST">
          <reporter-output>
          </reporter-output>
        </test-method> <!-- clkCopy -->
        <test-method status="PASS" signature="teardown()[pri:0, instance:com.abstech.tranzack.AttendancePage@484970b0]" name="teardown" is-config="true" duration-ms="818" started-at="2020-06-12T17:57:26 IST" finished-at="2020-06-12T17:57:27 IST">
          <reporter-output>
          </reporter-output>
        </test-method> <!-- teardown -->
      </class> <!-- com.abstech.tranzack.AttendancePage -->
    </test> <!-- Attendance -->
    <test name="Test" duration-ms="3" started-at="2020-06-12T17:57:27 IST" finished-at="2020-06-12T17:57:27 IST">
      <class name="com.abstech.tranzack.AppTest">
        <test-method status="PASS" signature="testApp()[pri:0, instance:com.abstech.tranzack.AppTest@2f54a33d]" name="testApp" duration-ms="2" started-at="2020-06-12T17:57:27 IST" finished-at="2020-06-12T17:57:27 IST">
          <reporter-output>
          </reporter-output>
        </test-method> <!-- testApp -->
      </class> <!-- com.abstech.tranzack.AppTest -->
    </test> <!-- Test -->
  </suite> <!-- Suite -->
</testng-results>
